mode: set
github.com/webliupeng/gin-tonic/elasticsearch/es.go:13.64,15.2 1 1
github.com/webliupeng/gin-tonic/elasticsearch/es.go:17.63,19.2 1 1
github.com/webliupeng/gin-tonic/elasticsearch/es.go:21.77,28.28 5 1
github.com/webliupeng/gin-tonic/elasticsearch/es.go:32.2,35.3 1 1
github.com/webliupeng/gin-tonic/elasticsearch/es.go:28.28,30.3 1 0
github.com/webliupeng/gin-tonic/elasticsearch/es.go:71.37,73.2 1 1
github.com/webliupeng/gin-tonic/elasticsearch/es.go:75.35,77.2 1 0
github.com/webliupeng/gin-tonic/elasticsearch/es.go:79.36,83.2 1 1
github.com/webliupeng/gin-tonic/helpers/common.go:11.58,18.2 3 1
github.com/webliupeng/gin-tonic/helpers/common.go:20.65,22.39 2 1
github.com/webliupeng/gin-tonic/helpers/common.go:35.2,35.42 1 0
github.com/webliupeng/gin-tonic/helpers/common.go:23.36,24.42 1 1
github.com/webliupeng/gin-tonic/helpers/common.go:29.19,30.59 1 0
github.com/webliupeng/gin-tonic/helpers/common.go:24.42,25.47 1 1
github.com/webliupeng/gin-tonic/helpers/common.go:25.47,27.5 1 1
github.com/webliupeng/gin-tonic/helpers/common.go:30.59,32.4 1 0
github.com/webliupeng/gin-tonic/helpers/create.go:16.67,17.30 1 1
github.com/webliupeng/gin-tonic/helpers/create.go:17.30,19.27 2 1
github.com/webliupeng/gin-tonic/helpers/create.go:22.3,22.59 1 1
github.com/webliupeng/gin-tonic/helpers/create.go:47.3,47.75 1 1
github.com/webliupeng/gin-tonic/helpers/create.go:19.27,21.4 1 0
github.com/webliupeng/gin-tonic/helpers/create.go:22.59,25.4 2 1
github.com/webliupeng/gin-tonic/helpers/create.go:25.9,29.67 3 1
github.com/webliupeng/gin-tonic/helpers/create.go:34.4,35.25 2 1
github.com/webliupeng/gin-tonic/helpers/create.go:42.4,44.40 2 1
github.com/webliupeng/gin-tonic/helpers/create.go:29.67,32.5 2 1
github.com/webliupeng/gin-tonic/helpers/create.go:35.25,36.42 1 1
github.com/webliupeng/gin-tonic/helpers/create.go:36.42,38.6 1 1
github.com/webliupeng/gin-tonic/helpers/create.go:38.11,40.6 1 0
github.com/webliupeng/gin-tonic/helpers/create.go:47.75,48.60 1 1
github.com/webliupeng/gin-tonic/helpers/create.go:48.60,50.5 1 1
github.com/webliupeng/gin-tonic/helpers/create.go:50.10,52.5 1 0
github.com/webliupeng/gin-tonic/helpers/create.go:53.9,55.4 1 0
github.com/webliupeng/gin-tonic/helpers/crud.go:14.56,15.30 1 1
github.com/webliupeng/gin-tonic/helpers/crud.go:15.30,16.29 1 1
github.com/webliupeng/gin-tonic/helpers/crud.go:16.29,18.4 1 1
github.com/webliupeng/gin-tonic/helpers/crud.go:23.97,24.30 1 1
github.com/webliupeng/gin-tonic/helpers/crud.go:24.30,25.47 1 1
github.com/webliupeng/gin-tonic/helpers/crud.go:25.47,29.75 3 1
github.com/webliupeng/gin-tonic/helpers/crud.go:29.75,31.5 1 1
github.com/webliupeng/gin-tonic/helpers/crud.go:31.10,31.46 1 0
github.com/webliupeng/gin-tonic/helpers/crud.go:31.46,33.5 1 0
github.com/webliupeng/gin-tonic/helpers/crud.go:33.10,35.5 1 0
github.com/webliupeng/gin-tonic/helpers/crud.go:36.9,38.4 1 0
github.com/webliupeng/gin-tonic/helpers/crud.go:43.62,44.30 1 1
github.com/webliupeng/gin-tonic/helpers/crud.go:44.30,47.32 2 1
github.com/webliupeng/gin-tonic/helpers/crud.go:53.3,53.12 1 0
github.com/webliupeng/gin-tonic/helpers/crud.go:47.32,48.18 1 1
github.com/webliupeng/gin-tonic/helpers/crud.go:48.18,51.5 2 1
github.com/webliupeng/gin-tonic/helpers/crud.go:53.12,55.4 1 0
github.com/webliupeng/gin-tonic/helpers/delete.go:10.42,11.30 1 1
github.com/webliupeng/gin-tonic/helpers/delete.go:11.30,13.49 2 1
github.com/webliupeng/gin-tonic/helpers/delete.go:13.49,15.4 1 1
github.com/webliupeng/gin-tonic/helpers/delete.go:15.9,17.4 1 0
github.com/webliupeng/gin-tonic/helpers/list.go:23.50,24.45 1 1
github.com/webliupeng/gin-tonic/helpers/list.go:31.2,31.10 1 1
github.com/webliupeng/gin-tonic/helpers/list.go:24.45,25.39 1 1
github.com/webliupeng/gin-tonic/helpers/list.go:25.39,27.4 1 1
github.com/webliupeng/gin-tonic/helpers/list.go:27.9,29.4 1 0
github.com/webliupeng/gin-tonic/helpers/list.go:34.121,46.44 8 1
github.com/webliupeng/gin-tonic/helpers/list.go:50.2,51.53 1 1
github.com/webliupeng/gin-tonic/helpers/list.go:74.2,74.41 1 1
github.com/webliupeng/gin-tonic/helpers/list.go:89.2,89.45 1 1
github.com/webliupeng/gin-tonic/helpers/list.go:95.2,96.54 2 1
github.com/webliupeng/gin-tonic/helpers/list.go:116.2,118.21 3 1
github.com/webliupeng/gin-tonic/helpers/list.go:121.2,121.16 1 1
github.com/webliupeng/gin-tonic/helpers/list.go:125.2,125.17 1 1
github.com/webliupeng/gin-tonic/helpers/list.go:129.2,129.48 1 1
github.com/webliupeng/gin-tonic/helpers/list.go:156.2,160.29 4 1
github.com/webliupeng/gin-tonic/helpers/list.go:46.44,48.3 1 1
github.com/webliupeng/gin-tonic/helpers/list.go:51.53,53.4 1 1
github.com/webliupeng/gin-tonic/helpers/list.go:54.54,56.4 1 0
github.com/webliupeng/gin-tonic/helpers/list.go:57.53,59.4 1 1
github.com/webliupeng/gin-tonic/helpers/list.go:60.54,62.4 1 0
github.com/webliupeng/gin-tonic/helpers/list.go:63.53,65.4 1 1
github.com/webliupeng/gin-tonic/helpers/list.go:66.54,68.4 1 0
github.com/webliupeng/gin-tonic/helpers/list.go:69.55,71.4 1 1
github.com/webliupeng/gin-tonic/helpers/list.go:74.41,75.56 1 1
github.com/webliupeng/gin-tonic/helpers/list.go:79.3,79.38 1 1
github.com/webliupeng/gin-tonic/helpers/list.go:75.56,78.4 2 0
github.com/webliupeng/gin-tonic/helpers/list.go:79.38,80.67 1 1
github.com/webliupeng/gin-tonic/helpers/list.go:80.67,84.10 4 1
github.com/webliupeng/gin-tonic/helpers/list.go:89.45,93.3 3 1
github.com/webliupeng/gin-tonic/helpers/list.go:96.54,97.58 1 1
github.com/webliupeng/gin-tonic/helpers/list.go:97.58,99.54 2 1
github.com/webliupeng/gin-tonic/helpers/list.go:102.4,102.55 1 1
github.com/webliupeng/gin-tonic/helpers/list.go:99.54,101.5 1 1
github.com/webliupeng/gin-tonic/helpers/list.go:102.55,103.19 1 1
github.com/webliupeng/gin-tonic/helpers/list.go:103.19,105.6 1 1
github.com/webliupeng/gin-tonic/helpers/list.go:105.11,108.6 2 1
github.com/webliupeng/gin-tonic/helpers/list.go:110.9,113.4 2 0
github.com/webliupeng/gin-tonic/helpers/list.go:118.21,119.31 1 0
github.com/webliupeng/gin-tonic/helpers/list.go:121.16,122.13 1 0
github.com/webliupeng/gin-tonic/helpers/list.go:125.17,126.14 1 0
github.com/webliupeng/gin-tonic/helpers/list.go:129.48,133.30 3 1
github.com/webliupeng/gin-tonic/helpers/list.go:137.3,140.26 4 1
github.com/webliupeng/gin-tonic/helpers/list.go:147.3,147.40 1 1
github.com/webliupeng/gin-tonic/helpers/list.go:133.30,135.4 1 1
github.com/webliupeng/gin-tonic/helpers/list.go:140.26,143.4 2 1
github.com/webliupeng/gin-tonic/helpers/list.go:147.40,148.14 1 1
github.com/webliupeng/gin-tonic/helpers/list.go:148.14,150.5 1 1
github.com/webliupeng/gin-tonic/helpers/list.go:150.10,152.5 1 1
github.com/webliupeng/gin-tonic/helpers/list.go:164.83,165.30 1 1
github.com/webliupeng/gin-tonic/helpers/list.go:165.30,172.3 2 1
github.com/webliupeng/gin-tonic/helpers/update.go:15.42,16.30 1 1
github.com/webliupeng/gin-tonic/helpers/update.go:16.30,19.52 2 1
github.com/webliupeng/gin-tonic/helpers/update.go:41.3,41.70 1 1
github.com/webliupeng/gin-tonic/helpers/update.go:19.52,26.25 5 1
github.com/webliupeng/gin-tonic/helpers/update.go:34.4,36.40 2 1
github.com/webliupeng/gin-tonic/helpers/update.go:26.25,27.42 1 1
github.com/webliupeng/gin-tonic/helpers/update.go:27.42,29.6 1 1
github.com/webliupeng/gin-tonic/helpers/update.go:29.11,31.6 1 0
github.com/webliupeng/gin-tonic/helpers/update.go:37.9,39.4 1 0
github.com/webliupeng/gin-tonic/helpers/update.go:41.70,42.55 1 1
github.com/webliupeng/gin-tonic/helpers/update.go:42.55,44.5 1 1
github.com/webliupeng/gin-tonic/helpers/update.go:44.10,46.5 1 0
github.com/webliupeng/gin-tonic/helpers/update.go:47.9,49.4 1 0
